d:\2курс 2 семестр\кгиг\lab-8\lab-6\debug\vc140.pdb
d:\2курс 2 семестр\кгиг\lab-8\lab-6\debug\vc140.idb
d:\2курс 2 семестр\кгиг\lab-8\lab-6\debug\cmatrix.obj
d:\2курс 2 семестр\кгиг\lab-8\lab-6\debug\main.obj
d:\2курс 2 семестр\кгиг\lab-8\debug\lab-8.ilk
d:\2курс 2 семестр\кгиг\lab-8\debug\lab-8.exe
d:\2курс 2 семестр\кгиг\lab-8\debug\lab-8.pdb
d:\2курс 2 семестр\кгиг\lab-8\lab-6\debug\lab-8.res
d:\лабы\4 семестр\компьютерная геометрия и графика\lab-8\lab-6\debug\cmatrix.obj
d:\лабы\4 семестр\компьютерная геометрия и графика\lab-8\lab-6\debug\main.obj
d:\лабы\4 семестр\компьютерная геометрия и графика\lab-8\lab-6\debug\lab-6.res
d:\лабы\4 семестр\компьютерная геометрия и графика\lab-8\lab-6\debug\lab-8.res
d:\лабы\4 семестр\компьютерная геометрия и графика\lab-8\lab-6\debug\vc120.idb
d:\лабы\4 семестр\компьютерная геометрия и графика\lab-8\lab-6\debug\vc140.idb
d:\лабы\4 семестр\компьютерная геометрия и графика\lab-8\lab-6\debug\vc120.pdb
d:\лабы\4 семестр\компьютерная геометрия и графика\lab-8\lab-6\debug\vc140.pdb
d:\лабы\4 семестр\компьютерная геометрия и графика\lab-8\debug\lab-8.pdb
d:\лабы\4 семестр\компьютерная геометрия и графика\lab-8\debug\lab-8.exe
d:\лабы\4 семестр\компьютерная геометрия и графика\lab-8\debug\lab-8.ilk
d:\лабы\4 семестр\компьютерная геометрия и графика\lab-8\lab-6\debug\lab-8.tlog\cl.command.1.tlog
d:\лабы\4 семестр\компьютерная геометрия и графика\lab-8\lab-6\debug\lab-8.tlog\cl.read.1.tlog
d:\лабы\4 семестр\компьютерная геометрия и графика\lab-8\lab-6\debug\lab-8.tlog\cl.write.1.tlog
d:\лабы\4 семестр\компьютерная геометрия и графика\lab-8\lab-6\debug\lab-8.tlog\link.command.1.tlog
d:\лабы\4 семестр\компьютерная геометрия и графика\lab-8\lab-6\debug\lab-8.tlog\link.read.1.tlog
d:\лабы\4 семестр\компьютерная геометрия и графика\lab-8\lab-6\debug\lab-8.tlog\link.write.1.tlog
d:\лабы\4 семестр\компьютерная геометрия и графика\lab-8\lab-6\debug\lab-8.tlog\rc.command.1.tlog
d:\лабы\4 семестр\компьютерная геометрия и графика\lab-8\lab-6\debug\lab-8.tlog\rc.read.1.tlog
d:\лабы\4 семестр\компьютерная геометрия и графика\lab-8\lab-6\debug\lab-8.tlog\rc.write.1.tlog
